Initiating multilayer perceptron network learning procedure.

Initial configuration:

Bias: not set
Randomize weights: not set
Randomize patterns: set
Learning step: 0.6
Momentum: 0
Epochs: 1000
Precision: 0.1
Input network path: input.net
Output network path: output.net
Testing sets path: default.set
Log path: perceptron.log
Log voice: not set
Log step: 20
Log output each log step: set
Log network each log step: set
Log testing output: set
Log testing network: set


Network structure:

[Topology]
4; 2; 4; 

[Layer]

[Layer]
-0.328; 0.614; -0.693; -0.148; 0.382; 
-0.445; -0.119; -0.15; -0.603; 0.716; 

[Layer]
-0.365; -0.505; -0.162; 
0.418; -0.406; 0.879; 
-0.947; 0.912; -0.476; 
0.405; 0.42; 0.717; 

Initiating epoch 0.

Pattern 1: ((0,1,0,0,);(0,1,0,0,))
Layer 0 output: 0; 1; 0; 0; 
Layer 1 output: 0.333366; 0.46257; 
Layer 2 output: 0.439477; 0.5674; 0.520949; 0.61578; 

Pattern 2: ((0,0,1,0,);(0,0,1,0,))
Layer 0 output: 0; 0; 1; 0; 
Layer 1 output: 0.463067; 0.353658; 
Layer 2 output: 0.422677; 0.535718; 0.557044; 0.603547; 

Pattern 3: ((1,0,0,0,);(1,0,0,0,))
Layer 0 output: 1; 0; 0; 0; 
Layer 1 output: 0.648853; 0.470285; 
Layer 2 output: 0.386767; 0.53501; 0.59017; 0.629796; 

Pattern 4: ((0,0,0,1,);(0,0,0,1,))
Layer 0 output: 0; 0; 0; 1; 
Layer 1 output: 0.594355; 0.671726; 
Layer 2 output: 0.398305; 0.570658; 0.538961; 0.64119; 

Network structure:

[Topology]
4; 2; 4; 

[Layer]

[Layer]
-0.353645; 0.585711; -0.715427; -0.126223; 0.385295; 
-0.493108; -0.144907; -0.139813; -0.637962; 0.718574; 

[Layer]
-0.461848; -0.532729; -0.211365; 
0.238016; -0.523458; 0.78629; 
-1.12543; 0.813033; -0.583144; 
0.192363; 0.323007; 0.637757; 

Epoch 0 summary.
Global error value: 1.26884.

Initiating epoch 20.

Pattern 1: ((1,0,0,0,);(1,0,0,0,))
Layer 0 output: 1; 0; 0; 0; 
Layer 1 output: 0.62855; 0.445386; 
Layer 2 output: 0.298868; 0.267053; 0.332207; 0.376222; 

Pattern 2: ((0,1,0,0,);(0,1,0,0,))
Layer 0 output: 0; 1; 0; 0; 
Layer 1 output: 0.272507; 0.578496; 
Layer 2 output: 0.344811; 0.407303; 0.271424; 0.432713; 

Pattern 3: ((0,0,1,0,);(0,0,1,0,))
Layer 0 output: 0; 0; 1; 0; 
Layer 1 output: 0.621487; 0.252114; 
Layer 2 output: 0.340279; 0.264221; 0.4019; 0.369919; 

Pattern 4: ((0,0,0,1,);(0,0,0,1,))
Layer 0 output: 0; 0; 0; 1; 
Layer 1 output: 0.636779; 0.723499; 
Layer 2 output: 0.254759; 0.277126; 0.235262; 0.345576; 

Network structure:

[Topology]
4; 2; 4; 

[Layer]

[Layer]
0.141975; 0.530725; -0.995851; 0.527833; 0.562268; 
-0.30112; -0.218531; 0.344412; -1.10927; 0.971274; 

[Layer]
-1.58343; -0.790835; -0.82483; 
-1.07956; -1.78278; 0.201148; 
-2.56272; 0.114033; -1.76233; 
-2.52034; -0.777621; -0.0841442; 

Epoch 20 summary.
Global error value: 0.893893.

Initiating epoch 40.

Pattern 1: ((0,1,0,0,);(0,1,0,0,))
Layer 0 output: 0; 1; 0; 0; 
Layer 1 output: 0.21334; 0.700309; 
Layer 2 output: 0.282728; 0.465097; 0.175902; 0.412479; 

Pattern 2: ((0,0,0,1,);(0,0,0,1,))
Layer 0 output: 0; 0; 0; 1; 
Layer 1 output: 0.623819; 0.752421; 
Layer 2 output: 0.209335; 0.265896; 0.179071; 0.296279; 

Pattern 3: ((1,0,0,0,);(1,0,0,0,))
Layer 0 output: 1; 0; 0; 0; 
Layer 1 output: 0.646412; 0.440653; 
Layer 2 output: 0.26628; 0.219818; 0.31008; 0.318032; 

Pattern 4: ((0,0,1,0,);(0,0,1,0,))
Layer 0 output: 0; 0; 1; 0; 
Layer 1 output: 0.743417; 0.17785; 
Layer 2 output: 0.321918; 0.161436; 0.457122; 0.298305; 

Network structure:

[Topology]
4; 2; 4; 

[Layer]

[Layer]
0.392758; 0.606717; -1.3212; 1.08871; 0.501532; 
-0.0916568; -0.241182; 0.874667; -1.55228; 1.11614; 

[Layer]
-1.97895; -0.771478; -1.10248; 
-0.90682; -2.35314; 0.529205; 
-2.53924; 0.393091; -2.3443; 
-3.77609; -1.14133; -0.161873; 

Epoch 40 summary.
Global error value: 0.855493.

Initiating epoch 60.

Pattern 1: ((0,1,0,0,);(0,1,0,0,))
Layer 0 output: 0; 1; 0; 0; 
Layer 1 output: 0.16708; 0.787672; 
Layer 2 output: 0.249695; 0.56315; 0.108827; 0.414153; 

Pattern 2: ((1,0,0,0,);(1,0,0,0,))
Layer 0 output: 1; 0; 0; 0; 
Layer 1 output: 0.652969; 0.437213; 
Layer 2 output: 0.266658; 0.195498; 0.321825; 0.280537; 

Pattern 3: ((0,0,0,1,);(0,0,0,1,))
Layer 0 output: 0; 0; 0; 1; 
Layer 1 output: 0.599222; 0.765696; 
Layer 2 output: 0.209244; 0.277501; 0.148293; 0.275458; 

Pattern 4: ((0,0,1,0,);(0,0,1,0,))
Layer 0 output: 0; 0; 1; 0; 
Layer 1 output: 0.81935; 0.130714; 
Layer 2 output: 0.331991; 0.0986303; 0.554283; 0.25712; 

Network structure:

[Topology]
4; 2; 4; 

[Layer]

[Layer]
0.460733; 0.633064; -1.619; 1.53105; 0.398621; 
0.065101; -0.252631; 1.33145; -1.90989; 1.18517; 

[Layer]
-2.14324; -0.690094; -1.256; 
-0.648171; -2.85457; 0.938968; 
-2.40842; 0.776843; -2.85378; 
-4.63393; -1.29308; -0.166724; 

Epoch 60 summary.
Global error value: 0.841296.

Initiating epoch 80.

Pattern 1: ((0,0,0,1,);(0,0,0,1,))
Layer 0 output: 0; 0; 0; 1; 
Layer 1 output: 0.583547; 0.766597; 
Layer 2 output: 0.199264; 0.268778; 0.128729; 0.282289; 

Pattern 2: ((0,0,1,0,);(0,0,1,0,))
Layer 0 output: 0; 0; 1; 0; 
Layer 1 output: 0.863789; 0.105088; 
Layer 2 output: 0.331646; 0.0601669; 0.635302; 0.243788; 

Pattern 3: ((1,0,0,0,);(1,0,0,0,))
Layer 0 output: 1; 0; 0; 0; 
Layer 1 output: 0.648; 0.444278; 
Layer 2 output: 0.260426; 0.163979; 0.318926; 0.286695; 

Pattern 4: ((0,1,0,0,);(0,1,0,0,))
Layer 0 output: 0; 1; 0; 0; 
Layer 1 output: 0.139153; 0.840885; 
Layer 2 output: 0.23322; 0.629402; 0.0667291; 0.423645; 

Network structure:

[Topology]
4; 2; 4; 

[Layer]

[Layer]
0.489524; 0.607397; -1.83153; 1.86162; 0.335031; 
0.206365; -0.221321; 1.67972; -2.15199; 1.18896; 

[Layer]
-2.23217; -0.633886; -1.33215; 
-0.54009; -3.32986; 1.22572; 
-2.3927; 1.0605; -3.31489; 
-5.33647; -1.34997; -0.196294; 

Epoch 80 summary.
Global error value: 0.836211.

Initiating epoch 100.

Pattern 1: ((0,1,0,0,);(0,1,0,0,))
Layer 0 output: 0; 1; 0; 0; 
Layer 1 output: 0.121679; 0.873417; 
Layer 2 output: 0.222517; 0.685506; 0.0438806; 0.402958; 

Pattern 2: ((0,0,0,1,);(0,0,0,1,))
Layer 0 output: 0; 0; 0; 1; 
Layer 1 output: 0.575006; 0.759686; 
Layer 2 output: 0.198856; 0.260203; 0.109829; 0.264201; 

Pattern 3: ((0,0,1,0,);(0,0,1,0,))
Layer 0 output: 0; 0; 1; 0; 
Layer 1 output: 0.891012; 0.0903932; 
Layer 2 output: 0.335203; 0.0387787; 0.685455; 0.231605; 

Pattern 4: ((1,0,0,0,);(1,0,0,0,))
Layer 0 output: 1; 0; 0; 0; 
Layer 1 output: 0.633649; 0.456466; 
Layer 2 output: 0.258101; 0.151275; 0.294041; 0.276027; 

Network structure:

[Topology]
4; 2; 4; 

[Layer]

[Layer]
0.492322; 0.544198; -1.98302; 2.11229; 0.301856; 
0.313614; -0.172296; 1.94343; -2.31576; 1.14724; 

[Layer]
-2.28044; -0.614287; -1.34651; 
-0.526934; -3.75576; 1.4198; 
-2.45202; 1.26352; -3.72164; 
-5.97334; -1.36403; -0.263157; 

Epoch 100 summary.
Global error value: 0.833607.

Initiating epoch 120.

Pattern 1: ((0,0,1,0,);(0,0,1,0,))
Layer 0 output: 0; 0; 1; 0; 
Layer 1 output: 0.908987; 0.0810393; 
Layer 2 output: 0.333697; 0.026308; 0.724609; 0.221131; 

Pattern 2: ((0,0,0,1,);(0,0,0,1,))
Layer 0 output: 0; 0; 0; 1; 
Layer 1 output: 0.568907; 0.74522; 
Layer 2 output: 0.199622; 0.23569; 0.100452; 0.262059; 

Pattern 3: ((0,1,0,0,);(0,1,0,0,))
Layer 0 output: 0; 1; 0; 0; 
Layer 1 output: 0.109869; 0.895351; 
Layer 2 output: 0.21564; 0.71646; 0.0300907; 0.40321; 

Pattern 4: ((1,0,0,0,);(1,0,0,0,))
Layer 0 output: 1; 0; 0; 0; 
Layer 1 output: 0.616102; 0.466572; 
Layer 2 output: 0.255285; 0.14107; 0.269302; 0.274029; 

Network structure:

[Topology]
4; 2; 4; 

[Layer]

[Layer]
0.474115; 0.468461; -2.09707; 2.31028; 0.275447; 
0.370813; -0.13226; 2.15608; -2.4333; 1.06929; 

[Layer]
-2.33352; -0.642765; -1.33714; 
-0.555888; -4.12932; 1.56787; 
-2.52623; 1.43312; -4.07248; 
-6.5457; -1.35372; -0.342466; 

Epoch 120 summary.
Global error value: 0.831126.

Initiating epoch 140.

Pattern 1: ((0,0,0,1,);(0,0,0,1,))
Layer 0 output: 0; 0; 0; 1; 
Layer 1 output: 0.560999; 0.725229; 
Layer 2 output: 0.206468; 0.218992; 0.0923932; 0.2586; 

Pattern 2: ((0,0,1,0,);(0,0,1,0,))
Layer 0 output: 0; 0; 1; 0; 
Layer 1 output: 0.92171; 0.0746947; 
Layer 2 output: 0.320681; 0.018292; 0.75367; 0.229843; 

Pattern 3: ((0,1,0,0,);(0,1,0,0,))
Layer 0 output: 0; 1; 0; 0; 
Layer 1 output: 0.101418; 0.910935; 
Layer 2 output: 0.215308; 0.744078; 0.0215476; 0.386246; 

Pattern 4: ((1,0,0,0,);(1,0,0,0,))
Layer 0 output: 1; 0; 0; 0; 
Layer 1 output: 0.59533; 0.472638; 
Layer 2 output: 0.252372; 0.135819; 0.246825; 0.273773; 

Network structure:

[Topology]
4; 2; 4; 

[Layer]

[Layer]
0.429278; 0.380822; -2.18547; 2.47338; 0.243544; 
0.379891; -0.108891; 2.33314; -2.52055; 0.965192; 

[Layer]
-2.37514; -0.69679; -1.31661; 
-0.610067; -4.4592; 1.68989; 
-2.61236; 1.57613; -4.37935; 
-7.06148; -1.33014; -0.428577; 

Epoch 140 summary.
Global error value: 0.826639.

Initiating epoch 160.

Pattern 1: ((0,0,0,1,);(0,0,0,1,))
Layer 0 output: 0; 0; 0; 1; 
Layer 1 output: 0.551658; 0.698512; 
Layer 2 output: 0.210561; 0.202894; 0.0906111; 0.255309; 

Pattern 2: ((1,0,0,0,);(1,0,0,0,))
Layer 0 output: 1; 0; 0; 0; 
Layer 1 output: 0.572011; 0.47376; 
Layer 2 output: 0.257301; 0.13252; 0.225811; 0.283231; 

Pattern 3: ((0,1,0,0,);(0,1,0,0,))
Layer 0 output: 0; 1; 0; 0; 
Layer 1 output: 0.0950771; 0.92258; 
Layer 2 output: 0.224873; 0.764655; 0.0157781; 0.366431; 

Pattern 4: ((0,0,1,0,);(0,0,1,0,))
Layer 0 output: 0; 0; 1; 0; 
Layer 1 output: 0.931173; 0.0702379; 
Layer 2 output: 0.317639; 0.0133616; 0.774622; 0.226837; 

Network structure:

[Topology]
4; 2; 4; 

[Layer]

[Layer]
0.362378; 0.285423; -2.25653; 2.61129; 0.205193; 
0.338308; -0.105603; 2.485; -2.58596; 0.833873; 

[Layer]
-2.39422; -0.762425; -1.29156; 
-0.688398; -4.75509; 1.79097; 
-2.70793; 1.69881; -4.65137; 
-7.51422; -1.3007; -0.511023; 

Epoch 160 summary.
Global error value: 0.82051.

Initiating epoch 180.

Pattern 1: ((0,0,0,1,);(0,0,0,1,))
Layer 0 output: 0; 0; 0; 1; 
Layer 1 output: 0.53956; 0.666121; 
Layer 2 output: 0.216031; 0.189423; 0.0923037; 0.253194; 

Pattern 2: ((0,1,0,0,);(0,1,0,0,))
Layer 0 output: 0; 1; 0; 0; 
Layer 1 output: 0.0901979; 0.931573; 
Layer 2 output: 0.218964; 0.783055; 0.0122102; 0.353071; 

Pattern 3: ((1,0,0,0,);(1,0,0,0,))
Layer 0 output: 1; 0; 0; 0; 
Layer 1 output: 0.546383; 0.470783; 
Layer 2 output: 0.255247; 0.135391; 0.210499; 0.279332; 

Pattern 4: ((0,0,1,0,);(0,0,1,0,))
Layer 0 output: 0; 0; 1; 0; 
Layer 1 output: 0.938495; 0.0669487; 
Layer 2 output: 0.304734; 0.0100753; 0.793243; 0.228044; 

Network structure:

[Topology]
4; 2; 4; 

[Layer]

[Layer]
0.270968; 0.181336; -2.3139; 2.73078; 0.155756; 
0.256331; -0.118686; 2.61724; -2.63682; 0.683595; 

[Layer]
-2.3762; -0.824997; -1.268; 
-0.784888; -5.02235; 1.87992; 
-2.8189; 1.80131; -4.89817; 
-7.9162; -1.27971; -0.593113; 

Epoch 180 summary.
Global error value: 0.812408.

Initiating epoch 200.

Pattern 1: ((0,0,1,0,);(0,0,1,0,))
Layer 0 output: 0; 0; 1; 0; 
Layer 1 output: 0.944322; 0.0644559; 
Layer 2 output: 0.286332; 0.00787113; 0.80987; 0.224164; 

Pattern 2: ((0,1,0,0,);(0,1,0,0,))
Layer 0 output: 0; 1; 0; 0; 
Layer 1 output: 0.0863121; 0.938656; 
Layer 2 output: 0.222082; 0.79945; 0.0096028; 0.319993; 

Pattern 3: ((0,0,0,1,);(0,0,0,1,))
Layer 0 output: 0; 0; 0; 1; 
Layer 1 output: 0.52402; 0.630443; 
Layer 2 output: 0.21703; 0.181207; 0.097249; 0.243384; 

Pattern 4: ((1,0,0,0,);(1,0,0,0,))
Layer 0 output: 1; 0; 0; 0; 
Layer 1 output: 0.520223; 0.463383; 
Layer 2 output: 0.253618; 0.138568; 0.200373; 0.276638; 

Network structure:

[Topology]
4; 2; 4; 

[Layer]

[Layer]
0.159728; 0.0755641; -2.36161; 2.83583; 0.0929468; 
0.144107; -0.148654; 2.73345; -2.67696; 0.52527; 

[Layer]
-2.31775; -0.884488; -1.24764; 
-0.899983; -5.26735; 1.95982; 
-2.94577; 1.88761; -5.12598; 
-8.27396; -1.26732; -0.686326; 

Epoch 200 summary.
Global error value: 0.801642.

Initiating epoch 220.

Pattern 1: ((0,0,1,0,);(0,0,1,0,))
Layer 0 output: 0; 0; 1; 0; 
Layer 1 output: 0.949057; 0.0624822; 
Layer 2 output: 0.272776; 0.0061903; 0.821342; 0.22419; 

Pattern 2: ((0,1,0,0,);(0,1,0,0,))
Layer 0 output: 0; 1; 0; 0; 
Layer 1 output: 0.0831513; 0.944403; 
Layer 2 output: 0.221135; 0.811153; 0.00762823; 0.303748; 

Pattern 3: ((1,0,0,0,);(1,0,0,0,))
Layer 0 output: 1; 0; 0; 0; 
Layer 1 output: 0.495405; 0.453606; 
Layer 2 output: 0.256779; 0.143093; 0.191611; 0.269041; 

Pattern 4: ((0,0,0,1,);(0,0,0,1,))
Layer 0 output: 0; 0; 0; 1; 
Layer 1 output: 0.505843; 0.590342; 
Layer 2 output: 0.231056; 0.171757; 0.103696; 0.242502; 

Network structure:

[Topology]
4; 2; 4; 

[Layer]

[Layer]
0.0399516; -0.0234864; -2.40207; 2.92917; 0.0193377; 
0.0065672; -0.188365; 2.83733; -2.70985; 0.356456; 

[Layer]
-2.24711; -0.954287; -1.24423; 
-1.03798; -5.49577; 2.02918; 
-3.08861; 1.9614; -5.34009; 
-8.54809; -1.25664; -0.767164; 

Epoch 220 summary.
Global error value: 0.788711.

Initiating epoch 240.

Pattern 1: ((1,0,0,0,);(1,0,0,0,))
Layer 0 output: 1; 0; 0; 0; 
Layer 1 output: 0.471703; 0.441608; 
Layer 2 output: 0.26296; 0.14582; 0.183506; 0.276599; 

Pattern 2: ((0,0,0,1,);(0,0,0,1,))
Layer 0 output: 0; 0; 0; 1; 
Layer 1 output: 0.484943; 0.549222; 
Layer 2 output: 0.242682; 0.164674; 0.112088; 0.252728; 

Pattern 3: ((0,0,1,0,);(0,0,1,0,))
Layer 0 output: 0; 0; 1; 0; 
Layer 1 output: 0.952977; 0.0608824; 
Layer 2 output: 0.265616; 0.00487949; 0.828519; 0.228467; 

Pattern 4: ((0,1,0,0,);(0,1,0,0,))
Layer 0 output: 0; 1; 0; 0; 
Layer 1 output: 0.0804924; 0.949121; 
Layer 2 output: 0.223302; 0.81889; 0.0060517; 0.295269; 

Network structure:

[Topology]
4; 2; 4; 

[Layer]

[Layer]
-0.0893335; -0.117483; -2.43734; 3.01298; -0.0644964; 
-0.143237; -0.237217; 2.93053; -2.73734; 0.189791; 

[Layer]
-2.14526; -1.02039; -1.24902; 
-1.19978; -5.71145; 2.08951; 
-3.25466; 2.0212; -5.54624; 
-8.74684; -1.25133; -0.845682; 

Epoch 240 summary.
Global error value: 0.774304.

Initiating epoch 260.

Pattern 1: ((0,0,1,0,);(0,0,1,0,))
Layer 0 output: 0; 0; 1; 0; 
Layer 1 output: 0.956281; 0.0595185; 
Layer 2 output: 0.248349; 0.00398358; 0.836826; 0.222317; 

Pattern 2: ((0,0,0,1,);(0,0,0,1,))
Layer 0 output: 0; 0; 0; 1; 
Layer 1 output: 0.462813; 0.510205; 
Layer 2 output: 0.239925; 0.162111; 0.122966; 0.257304; 

Pattern 3: ((0,1,0,0,);(0,1,0,0,))
Layer 0 output: 0; 1; 0; 0; 
Layer 1 output: 0.0781624; 0.95305; 
Layer 2 output: 0.214588; 0.827772; 0.00492131; 0.282192; 

Pattern 4: ((1,0,0,0,);(1,0,0,0,))
Layer 0 output: 1; 0; 0; 0; 
Layer 1 output: 0.449697; 0.42801; 
Layer 2 output: 0.25805; 0.149308; 0.178907; 0.279604; 

Network structure:

[Topology]
4; 2; 4; 

[Layer]

[Layer]
-0.223302; -0.206632; -2.46906; 3.08888; -0.153488; 
-0.295065; -0.293177; 3.01457; -2.76126; 0.0337953; 

[Layer]
-2.00776; -1.0821; -1.25386; 
-1.38601; -5.91724; 2.14139; 
-3.44674; 2.06867; -5.7478; 
-8.87339; -1.2527; -0.925484; 

Epoch 260 summary.
Global error value: 0.758833.

Initiating epoch 280.

Pattern 1: ((0,0,1,0,);(0,0,1,0,))
Layer 0 output: 0; 0; 1; 0; 
Layer 1 output: 0.959102; 0.0582925; 
Layer 2 output: 0.238643; 0.00324057; 0.841985; 0.218689; 

Pattern 2: ((0,0,0,1,);(0,0,0,1,))
Layer 0 output: 0; 0; 0; 1; 
Layer 1 output: 0.441274; 0.474859; 
Layer 2 output: 0.247683; 0.160104; 0.131932; 0.260606; 

Pattern 3: ((1,0,0,0,);(1,0,0,0,))
Layer 0 output: 1; 0; 0; 0; 
Layer 1 output: 0.428837; 0.413402; 
Layer 2 output: 0.263158; 0.151782; 0.175222; 0.282426; 

Pattern 4: ((0,1,0,0,);(0,1,0,0,))
Layer 0 output: 0; 1; 0; 0; 
Layer 1 output: 0.0760628; 0.956362; 
Layer 2 output: 0.218669; 0.833756; 0.00396662; 0.263836; 

Network structure:

[Topology]
4; 2; 4; 

[Layer]

[Layer]
-0.354755; -0.290957; -2.49851; 3.15824; -0.240531; 
-0.441047; -0.352791; 3.09087; -2.7833; -0.106826; 

[Layer]
-1.83585; -1.13501; -1.26285; 
-1.59659; -6.11544; 2.18575; 
-3.66409; 2.10676; -5.94557; 
-8.93491; -1.26785; -1.0017; 

Epoch 280 summary.
Global error value: 0.743902.

Initiating epoch 300.

Pattern 1: ((0,0,1,0,);(0,0,1,0,))
Layer 0 output: 0; 0; 1; 0; 
Layer 1 output: 0.961539; 0.0571496; 
Layer 2 output: 0.22945; 0.00265488; 0.846086; 0.21473; 

Pattern 2: ((0,1,0,0,);(0,1,0,0,))
Layer 0 output: 0; 1; 0; 0; 
Layer 1 output: 0.0741; 0.959192; 
Layer 2 output: 0.211225; 0.84088; 0.00326904; 0.24579; 

Pattern 3: ((0,0,0,1,);(0,0,0,1,))
Layer 0 output: 0; 0; 0; 1; 
Layer 1 output: 0.420279; 0.444032; 
Layer 2 output: 0.252457; 0.160523; 0.139587; 0.261999; 

Pattern 4: ((1,0,0,0,);(1,0,0,0,))
Layer 0 output: 1; 0; 0; 0; 
Layer 1 output: 0.410212; 0.399053; 
Layer 2 output: 0.264078; 0.15499; 0.172477; 0.280237; 

Network structure:

[Topology]
4; 2; 4; 

[Layer]

[Layer]
-0.48067; -0.36709; -2.52667; 3.22194; -0.325847; 
-0.576093; -0.412632; 3.16052; -2.80428; -0.230703; 

[Layer]
-1.64235; -1.18564; -1.27905; 
-1.83022; -6.30743; 2.22378; 
-3.90492; 2.13801; -6.13966; 
-8.92143; -1.28595; -1.06974; 

Epoch 300 summary.
Global error value: 0.7297.

Initiating epoch 320.

Pattern 1: ((0,0,0,1,);(0,0,0,1,))
Layer 0 output: 0; 0; 0; 1; 
Layer 1 output: 0.400731; 0.417937; 
Layer 2 output: 0.262128; 0.160317; 0.144939; 0.269656; 

Pattern 2: ((0,0,1,0,);(0,0,1,0,))
Layer 0 output: 0; 0; 1; 0; 
Layer 1 output: 0.963665; 0.05603; 
Layer 2 output: 0.219183; 0.00217647; 0.848874; 0.216234; 

Pattern 3: ((0,1,0,0,);(0,1,0,0,))
Layer 0 output: 0; 1; 0; 0; 
Layer 1 output: 0.0722733; 0.961628; 
Layer 2 output: 0.205552; 0.844853; 0.00266477; 0.241; 

Pattern 4: ((1,0,0,0,);(1,0,0,0,))
Layer 0 output: 1; 0; 0; 0; 
Layer 1 output: 0.393263; 0.385267; 
Layer 2 output: 0.266956; 0.157043; 0.170329; 0.280591; 

Network structure:

[Topology]
4; 2; 4; 

[Layer]

[Layer]
-0.599021; -0.437261; -2.55359; 3.28079; -0.405963; 
-0.69621; -0.470393; 3.22437; -2.82527; -0.335919; 

[Layer]
-1.42251; -1.23149; -1.29712; 
-2.08409; -6.49378; 2.2571; 
-4.16748; 2.16416; -6.33004; 
-8.84746; -1.30913; -1.13427; 

Epoch 320 summary.
Global error value: 0.716971.

Initiating epoch 340.

Pattern 1: ((0,0,0,1,);(0,0,0,1,))
Layer 0 output: 0; 0; 0; 1; 
Layer 1 output: 0.383481; 0.395759; 
Layer 2 output: 0.267332; 0.160777; 0.149717; 0.272715; 

Pattern 2: ((1,0,0,0,);(1,0,0,0,))
Layer 0 output: 1; 0; 0; 0; 
Layer 1 output: 0.378108; 0.372034; 
Layer 2 output: 0.273023; 0.157808; 0.168325; 0.284906; 

Pattern 3: ((0,0,1,0,);(0,0,1,0,))
Layer 0 output: 0; 0; 1; 0; 
Layer 1 output: 0.965535; 0.0549394; 
Layer 2 output: 0.217761; 0.0017946; 0.851114; 0.209057; 

Pattern 4: ((0,1,0,0,);(0,1,0,0,))
Layer 0 output: 0; 1; 0; 0; 
Layer 1 output: 0.0705097; 0.963748; 
Layer 2 output: 0.207557; 0.848288; 0.00218136; 0.228029; 

Network structure:

[Topology]
4; 2; 4; 

[Layer]

[Layer]
-0.706418; -0.500592; -2.5802; 3.33538; -0.478001; 
-0.805277; -0.526164; 3.28317; -2.84609; -0.427191; 

[Layer]
-1.17859; -1.27361; -1.31678; 
-2.35742; -6.67541; 2.28572; 
-4.44784; 2.18733; -6.51607; 
-8.71456; -1.33345; -1.19113; 

Epoch 340 summary.
Global error value: 0.705816.

Initiating epoch 360.

Pattern 1: ((0,0,0,1,);(0,0,0,1,))
Layer 0 output: 0; 0; 0; 1; 
Layer 1 output: 0.368025; 0.37687; 
Layer 2 output: 0.271483; 0.161395; 0.153369; 0.275932; 

Pattern 2: ((0,1,0,0,);(0,1,0,0,))
Layer 0 output: 0; 1; 0; 0; 
Layer 1 output: 0.0688028; 0.96561; 
Layer 2 output: 0.198455; 0.852554; 0.00181216; 0.222177; 

Pattern 3: ((0,0,1,0,);(0,0,1,0,))
Layer 0 output: 0; 0; 1; 0; 
Layer 1 output: 0.967192; 0.0538589; 
Layer 2 output: 0.205189; 0.00150419; 0.854474; 0.206231; 

Pattern 4: ((1,0,0,0,);(1,0,0,0,))
Layer 0 output: 1; 0; 0; 0; 
Layer 1 output: 0.364649; 0.360189; 
Layer 2 output: 0.272183; 0.159399; 0.167495; 0.282472; 

Network structure:

[Topology]
4; 2; 4; 

[Layer]

[Layer]
-0.80519; -0.558317; -2.60655; 3.38619; -0.543519; 
-0.902109; -0.57739; 3.3376; -2.86706; -0.506261; 

[Layer]
-0.913976; -1.3117; -1.33967; 
-2.64583; -6.85205; 2.31135; 
-4.74347; 2.20828; -6.69763; 
-8.52843; -1.35738; -1.23905; 

Epoch 360 summary.
Global error value: 0.695959.

Initiating epoch 380.

Pattern 1: ((0,0,0,1,);(0,0,0,1,))
Layer 0 output: 0; 0; 0; 1; 
Layer 1 output: 0.354388; 0.360644; 
Layer 2 output: 0.275494; 0.161763; 0.156148; 0.27926; 

Pattern 2: ((1,0,0,0,);(1,0,0,0,))
Layer 0 output: 1; 0; 0; 0; 
Layer 1 output: 0.352489; 0.348976; 
Layer 2 output: 0.277523; 0.159445; 0.165982; 0.287245; 

Pattern 3: ((0,0,1,0,);(0,0,1,0,))
Layer 0 output: 0; 0; 1; 0; 
Layer 1 output: 0.96867; 0.0527938; 
Layer 2 output: 0.204995; 0.00125137; 0.85628; 0.200661; 

Pattern 4: ((0,1,0,0,);(0,1,0,0,))
Layer 0 output: 0; 1; 0; 0; 
Layer 1 output: 0.0671652; 0.967252; 
Layer 2 output: 0.19966; 0.855108; 0.00150126; 0.212595; 

Network structure:

[Topology]
4; 2; 4; 

[Layer]

[Layer]
-0.89457; -0.610639; -2.63236; 3.43366; -0.602235; 
-0.990422; -0.625906; 3.38807; -2.88821; -0.575372; 

[Layer]
-0.626007; -1.34682; -1.36051; 
-2.94866; -7.02429; 2.33357; 
-5.05227; 2.22744; -6.87469; 
-8.29388; -1.3785; -1.27872; 

Epoch 380 summary.
Global error value: 0.687437.

Initiating epoch 400.

Pattern 1: ((0,0,0,1,);(0,0,0,1,))
Layer 0 output: 0; 0; 0; 1; 
Layer 1 output: 0.343054; 0.34743; 
Layer 2 output: 0.27898; 0.161537; 0.157742; 0.281152; 

Pattern 2: ((1,0,0,0,);(1,0,0,0,))
Layer 0 output: 1; 0; 0; 0; 
Layer 1 output: 0.341422; 0.338417; 
Layer 2 output: 0.280339; 0.159842; 0.165439; 0.288201; 

Pattern 3: ((0,1,0,0,);(0,1,0,0,))
Layer 0 output: 0; 1; 0; 0; 
Layer 1 output: 0.0655847; 0.968717; 
Layer 2 output: 0.196989; 0.858038; 0.00125393; 0.206077; 

Pattern 4: ((0,0,1,0,);(0,0,1,0,))
Layer 0 output: 0; 0; 1; 0; 
Layer 1 output: 0.969999; 0.0517354; 
Layer 2 output: 0.199845; 0.00105385; 0.858691; 0.195762; 

Network structure:

[Topology]
4; 2; 4; 

[Layer]

[Layer]
-0.973841; -0.659235; -2.65788; 3.47824; -0.651961; 
-1.06854; -0.67238; 3.43521; -2.90956; -0.632807; 

[Layer]
-0.310529; -1.37533; -1.37793; 
-3.26153; -7.19181; 2.35419; 
-5.37014; 2.24612; -7.04681; 
-8.03511; -1.40433; -1.31907; 

Epoch 400 summary.
Global error value: 0.680592.

Initiating epoch 420.

Pattern 1: ((0,1,0,0,);(0,1,0,0,))
Layer 0 output: 0; 1; 0; 0; 
Layer 1 output: 0.0640501; 0.970034; 
Layer 2 output: 0.190884; 0.861885; 0.00106352; 0.197391; 

Pattern 2: ((0,0,1,0,);(0,0,1,0,))
Layer 0 output: 0; 0; 1; 0; 
Layer 1 output: 0.971198; 0.0507015; 
Layer 2 output: 0.192679; 0.000898726; 0.862045; 0.189281; 

Pattern 3: ((1,0,0,0,);(1,0,0,0,))
Layer 0 output: 1; 0; 0; 0; 
Layer 1 output: 0.33157; 0.329295; 
Layer 2 output: 0.281661; 0.160941; 0.165309; 0.282926; 

Pattern 4: ((0,0,0,1,);(0,0,0,1,))
Layer 0 output: 0; 0; 0; 1; 
Layer 1 output: 0.332749; 0.335992; 
Layer 2 output: 0.283307; 0.161537; 0.158711; 0.279189; 

Network structure:

[Topology]
4; 2; 4; 

[Layer]

[Layer]
-1.04743; -0.703163; -2.68315; 3.5201; -0.698215; 
-1.13756; -0.713272; 3.47941; -2.93081; -0.683887; 

[Layer]
0.0212342; -1.40142; -1.39739; 
-3.58205; -7.35469; 2.37355; 
-5.69612; 2.2637; -7.21426; 
-7.74059; -1.42568; -1.3531; 

Epoch 420 summary.
Global error value: 0.674406.

Initiating epoch 440.

Pattern 1: ((0,0,1,0,);(0,0,1,0,))
Layer 0 output: 0; 0; 1; 0; 
Layer 1 output: 0.972286; 0.0496883; 
Layer 2 output: 0.188901; 0.000762252; 0.86424; 0.186505; 

Pattern 2: ((0,0,0,1,);(0,0,0,1,))
Layer 0 output: 0; 0; 0; 1; 
Layer 1 output: 0.323505; 0.32576; 
Layer 2 output: 0.283183; 0.161235; 0.159814; 0.284353; 

Pattern 3: ((1,0,0,0,);(1,0,0,0,))
Layer 0 output: 1; 0; 0; 0; 
Layer 1 output: 0.323031; 0.32124; 
Layer 2 output: 0.283159; 0.159889; 0.163819; 0.289512; 

Pattern 4: ((0,1,0,0,);(0,1,0,0,))
Layer 0 output: 0; 1; 0; 0; 
Layer 1 output: 0.0625769; 0.971223; 
Layer 2 output: 0.190019; 0.863416; 0.000891402; 0.195176; 

Network structure:

[Topology]
4; 2; 4; 

[Layer]

[Layer]
-1.11306; -0.742015; -2.70797; 3.55964; -0.739715; 
-1.19911; -0.749794; 3.52102; -2.95208; -0.729255; 

[Layer]
0.365507; -1.42723; -1.418; 
-3.90829; -7.51307; 2.3921; 
-6.02698; 2.28108; -7.37685; 
-7.41909; -1.44518; -1.38353; 

Epoch 440 summary.
Global error value: 0.668846.

Initiating epoch 460.

Pattern 1: ((0,1,0,0,);(0,1,0,0,))
Layer 0 output: 0; 1; 0; 0; 
Layer 1 output: 0.0611565; 0.972302; 
Layer 2 output: 0.184573; 0.866851; 0.000762508; 0.188664; 

Pattern 2: ((0,0,0,1,);(0,0,0,1,))
Layer 0 output: 0; 0; 0; 1; 
Layer 1 output: 0.315477; 0.317046; 
Layer 2 output: 0.285317; 0.161138; 0.159534; 0.286225; 

Pattern 3: ((0,0,1,0,);(0,0,1,0,))
Layer 0 output: 0; 0; 1; 0; 
Layer 1 output: 0.97328; 0.0487074; 
Layer 2 output: 0.183376; 0.00064809; 0.865893; 0.187484; 

Pattern 4: ((1,0,0,0,);(1,0,0,0,))
Layer 0 output: 1; 0; 0; 0; 
Layer 1 output: 0.315206; 0.313755; 
Layer 2 output: 0.283877; 0.159995; 0.16286; 0.289705; 

Network structure:

[Topology]
4; 2; 4; 

[Layer]

[Layer]
-1.17228; -0.777805; -2.73243; 3.59707; -0.776121; 
-1.25562; -0.784507; 3.56022; -2.97302; -0.769319; 

[Layer]
0.727053; -1.44988; -1.4375; 
-4.23954; -7.66721; 2.40931; 
-6.36194; 2.29812; -7.5349; 
-7.07535; -1.46472; -1.40939; 

Epoch 460 summary.
Global error value: 0.664148.

Initiating epoch 480.

Pattern 1: ((1,0,0,0,);(1,0,0,0,))
Layer 0 output: 1; 0; 0; 0; 
Layer 1 output: 0.308081; 0.306755; 
Layer 2 output: 0.289321; 0.159467; 0.162002; 0.289961; 

Pattern 2: ((0,0,0,1,);(0,0,0,1,))
Layer 0 output: 0; 0; 0; 1; 
Layer 1 output: 0.308251; 0.309351; 
Layer 2 output: 0.291923; 0.159806; 0.159031; 0.287749; 

Pattern 3: ((0,1,0,0,);(0,1,0,0,))
Layer 0 output: 0; 1; 0; 0; 
Layer 1 output: 0.0597974; 0.973287; 
Layer 2 output: 0.184393; 0.868177; 0.000644914; 0.187557; 

Pattern 4: ((0,0,1,0,);(0,0,1,0,))
Layer 0 output: 0; 0; 1; 0; 
Layer 1 output: 0.974189; 0.047759; 
Layer 2 output: 0.184478; 0.000553018; 0.867486; 0.182955; 

Network structure:

[Topology]
4; 2; 4; 

[Layer]

[Layer]
-1.22707; -0.810418; -2.75634; 3.63256; -0.809871; 
-1.30676; -0.816594; 3.59734; -2.99367; -0.804828; 

[Layer]
1.10411; -1.47059; -1.45537; 
-4.57394; -7.81719; 2.42579; 
-6.69996; 2.31454; -7.68858; 
-6.71264; -1.48184; -1.43367; 

Epoch 480 summary.
Global error value: 0.66003.

Initiating epoch 500.

Pattern 1: ((1,0,0,0,);(1,0,0,0,))
Layer 0 output: 1; 0; 0; 0; 
Layer 1 output: 0.301698; 0.300482; 
Layer 2 output: 0.290814; 0.15883; 0.161101; 0.291423; 

Pattern 2: ((0,0,1,0,);(0,0,1,0,))
Layer 0 output: 0; 0; 1; 0; 
Layer 1 output: 0.975027; 0.0468448; 
Layer 2 output: 0.183307; 0.000477291; 0.869987; 0.17669; 

Pattern 3: ((0,1,0,0,);(0,1,0,0,))
Layer 0 output: 0; 1; 0; 0; 
Layer 1 output: 0.058494; 0.974189; 
Layer 2 output: 0.183198; 0.870822; 0.000555309; 0.17997; 

Pattern 4: ((0,0,0,1,);(0,0,0,1,))
Layer 0 output: 0; 0; 0; 1; 
Layer 1 output: 0.301853; 0.302455; 
Layer 2 output: 0.291354; 0.159363; 0.159119; 0.287432; 

Network structure:

[Topology]
4; 2; 4; 

[Layer]

[Layer]
-1.27697; -0.840447; -2.7797; 3.66633; -0.840152; 
-1.35394; -0.846139; 3.63251; -3.01395; -0.837359; 

[Layer]
1.49257; -1.49086; -1.47257; 
-4.91069; -7.96319; 2.44137; 
-7.0398; 2.33069; -7.83806; 
-6.33144; -1.49752; -1.45432; 

Epoch 500 summary.
Global error value: 0.656289.

Initiating epoch 520.

Pattern 1: ((0,0,0,1,);(0,0,0,1,))
Layer 0 output: 0; 0; 0; 1; 
Layer 1 output: 0.29588; 0.296304; 
Layer 2 output: 0.291827; 0.15864; 0.158507; 0.292171; 

Pattern 2: ((1,0,0,0,);(1,0,0,0,))
Layer 0 output: 1; 0; 0; 0; 
Layer 1 output: 0.295875; 0.294956; 
Layer 2 output: 0.290935; 0.157909; 0.159646; 0.295774; 

Pattern 3: ((0,0,1,0,);(0,0,1,0,))
Layer 0 output: 0; 0; 1; 0; 
Layer 1 output: 0.975801; 0.0459622; 
Layer 2 output: 0.179028; 0.000410789; 0.871529; 0.178088; 

Pattern 4: ((0,1,0,0,);(0,1,0,0,))
Layer 0 output: 0; 1; 0; 0; 
Layer 1 output: 0.0572514; 0.97502; 
Layer 2 output: 0.179091; 0.872504; 0.000475964; 0.180833; 

Network structure:

[Topology]
4; 2; 4; 

[Layer]

[Layer]
-1.32335; -0.868312; -2.80247; 3.69853; -0.868098; 
-1.39575; -0.872737; 3.66603; -3.03389; -0.866159; 

[Layer]
1.89414; -1.50767; -1.48845; 
-5.2479; -8.10522; 2.45681; 
-7.38044; 2.3465; -7.98346; 
-5.94067; -1.5147; -1.4762; 

Epoch 520 summary.
Global error value: 0.65292.

Initiating epoch 540.

Pattern 1: ((0,1,0,0,);(0,1,0,0,))
Layer 0 output: 0; 1; 0; 0; 
Layer 1 output: 0.0560616; 0.975788; 
Layer 2 output: 0.174667; 0.875338; 0.000414085; 0.176238; 

Pattern 2: ((0,0,0,1,);(0,0,0,1,))
Layer 0 output: 0; 0; 0; 1; 
Layer 1 output: 0.290486; 0.290594; 
Layer 2 output: 0.292226; 0.158118; 0.158012; 0.292753; 

Pattern 3: ((0,0,1,0,);(0,0,1,0,))
Layer 0 output: 0; 0; 1; 0; 
Layer 1 output: 0.976519; 0.0451167; 
Layer 2 output: 0.172281; 0.000357896; 0.873901; 0.177348; 

Pattern 4: ((1,0,0,0,);(1,0,0,0,))
Layer 0 output: 1; 0; 0; 0; 
Layer 1 output: 0.290707; 0.289733; 
Layer 2 output: 0.29026; 0.157309; 0.159061; 0.295071; 

Network structure:

[Topology]
4; 2; 4; 

[Layer]

[Layer]
-1.36586; -0.893451; -2.82471; 3.72929; -0.893997; 
-1.43625; -0.898099; 3.69794; -3.05329; -0.893795; 

[Layer]
2.30373; -1.52554; -1.50434; 
-5.58624; -8.24369; 2.47126; 
-7.72108; 2.36212; -8.12495; 
-5.53223; -1.52871; -1.49337; 

Epoch 540 summary.
Global error value: 0.649777.

Initiating epoch 560.

Pattern 1: ((0,0,0,1,);(0,0,0,1,))
Layer 0 output: 0; 0; 0; 1; 
Layer 1 output: 0.285553; 0.285514; 
Layer 2 output: 0.29442; 0.156946; 0.157289; 0.295004; 

Pattern 2: ((0,1,0,0,);(0,1,0,0,))
Layer 0 output: 0; 1; 0; 0; 
Layer 1 output: 0.0549255; 0.9765; 
Layer 2 output: 0.170806; 0.876859; 0.00035783; 0.177697; 

Pattern 3: ((0,0,1,0,);(0,0,1,0,))
Layer 0 output: 0; 0; 1; 0; 
Layer 1 output: 0.977186; 0.0443058; 
Layer 2 output: 0.170077; 0.000311556; 0.87577; 0.175091; 

Pattern 4: ((1,0,0,0,);(1,0,0,0,))
Layer 0 output: 1; 0; 0; 0; 
Layer 1 output: 0.285738; 0.284939; 
Layer 2 output: 0.291549; 0.156594; 0.158021; 0.296235; 

Network structure:

[Topology]
4; 2; 4; 

[Layer]

[Layer]
-1.4062; -0.917565; -2.84636; 3.75874; -0.918016; 
-1.47249; -0.921486; 3.72847; -3.07225; -0.918216; 

[Layer]
2.72309; -1.54103; -1.52049; 
-5.92375; -8.37851; 2.48561; 
-8.0615; 2.37737; -8.26277; 
-5.11534; -1.54362; -1.51; 

Epoch 560 summary.
Global error value: 0.647007.

Initiating epoch 580.

Pattern 1: ((0,1,0,0,);(0,1,0,0,))
Layer 0 output: 0; 1; 0; 0; 
Layer 1 output: 0.0538451; 0.977162; 
Layer 2 output: 0.17051; 0.879062; 0.000312659; 0.171584; 

Pattern 2: ((0,0,1,0,);(0,0,1,0,))
Layer 0 output: 0; 0; 1; 0; 
Layer 1 output: 0.977808; 0.0435286; 
Layer 2 output: 0.169563; 0.000273093; 0.877951; 0.169409; 

Pattern 3: ((1,0,0,0,);(1,0,0,0,))
Layer 0 output: 1; 0; 0; 0; 
Layer 1 output: 0.281072; 0.28024; 
Layer 2 output: 0.294197; 0.156077; 0.157503; 0.29456; 

Pattern 4: ((0,0,0,1,);(0,0,0,1,))
Layer 0 output: 0; 0; 0; 1; 
Layer 1 output: 0.281133; 0.280965; 
Layer 2 output: 0.296831; 0.155991; 0.156456; 0.293106; 

Network structure:

[Topology]
4; 2; 4; 

[Layer]

[Layer]
-1.44379; -0.940272; -2.86733; 3.78696; -0.940143; 
-1.50741; -0.944331; 3.75765; -3.09073; -0.94099; 

[Layer]
3.1542; -1.55564; -1.53386; 
-6.26154; -8.51014; 2.49914; 
-8.40152; 2.39213; -8.39713; 
-4.68879; -1.55696; -1.52599; 

Epoch 580 summary.
Global error value: 0.644605.

Initiating epoch 600.

Pattern 1: ((0,0,0,1,);(0,0,0,1,))
Layer 0 output: 0; 0; 0; 1; 
Layer 1 output: 0.276784; 0.276644; 
Layer 2 output: 0.296914; 0.155201; 0.15556; 0.29722; 

Pattern 2: ((0,0,1,0,);(0,0,1,0,))
Layer 0 output: 0; 0; 1; 0; 
Layer 1 output: 0.978389; 0.0427838; 
Layer 2 output: 0.166528; 0.000238323; 0.879277; 0.171233; 

Pattern 3: ((0,1,0,0,);(0,1,0,0,))
Layer 0 output: 0; 1; 0; 0; 
Layer 1 output: 0.0528165; 0.97778; 
Layer 2 output: 0.166871; 0.880441; 0.000272366; 0.172922; 

Pattern 4: ((1,0,0,0,);(1,0,0,0,))
Layer 0 output: 1; 0; 0; 0; 
Layer 1 output: 0.276785; 0.276151; 
Layer 2 output: 0.294247; 0.155075; 0.156153; 0.298452; 

Network structure:

[Topology]
4; 2; 4; 

[Layer]

[Layer]
-1.47957; -0.961664; -2.88767; 3.81404; -0.961284; 
-1.53901; -0.964892; 3.78567; -3.10876; -0.962025; 

[Layer]
3.59342; -1.56785; -1.54787; 
-6.59829; -8.63857; 2.51247; 
-8.74088; 2.40636; -8.5282; 
-4.25464; -1.57089; -1.54123; 

Epoch 600 summary.
Global error value: 0.642196.

Initiating epoch 620.

Pattern 1: ((0,0,0,1,);(0,0,0,1,))
Layer 0 output: 0; 0; 0; 1; 
Layer 1 output: 0.272794; 0.27243; 
Layer 2 output: 0.298372; 0.154266; 0.15492; 0.298463; 

Pattern 2: ((0,1,0,0,);(0,1,0,0,))
Layer 0 output: 0; 1; 0; 0; 
Layer 1 output: 0.0518388; 0.978357; 
Layer 2 output: 0.165655; 0.882046; 0.000238557; 0.171265; 

Pattern 3: ((1,0,0,0,);(1,0,0,0,))
Layer 0 output: 1; 0; 0; 0; 
Layer 1 output: 0.272752; 0.272014; 
Layer 2 output: 0.296554; 0.154213; 0.15514; 0.300501; 

Pattern 4: ((0,0,1,0,);(0,0,1,0,))
Layer 0 output: 0; 0; 1; 0; 
Layer 1 output: 0.978933; 0.0420722; 
Layer 2 output: 0.168276; 0.000208915; 0.880543; 0.167804; 

Network structure:

[Topology]
4; 2; 4; 

[Layer]

[Layer]
-1.51321; -0.981622; -2.90737; 3.84005; -0.981274; 
-1.57137; -0.985558; 3.81249; -3.12625; -0.983062; 

[Layer]
4.04345; -1.57917; -1.55841; 
-6.93551; -8.76422; 2.52461; 
-9.07962; 2.41999; -8.65619; 
-3.80899; -1.58272; -1.5542; 

Epoch 620 summary.
Global error value: 0.639945.

Initiating epoch 640.

Pattern 1: ((1,0,0,0,);(1,0,0,0,))
Layer 0 output: 1; 0; 0; 0; 
Layer 1 output: 0.269021; 0.26838; 
Layer 2 output: 0.299678; 0.153363; 0.15438; 0.299583; 

Pattern 2: ((0,0,0,1,);(0,0,0,1,))
Layer 0 output: 0; 0; 0; 1; 
Layer 1 output: 0.269035; 0.268729; 
Layer 2 output: 0.302238; 0.153236; 0.153758; 0.298321; 

Pattern 3: ((0,0,1,0,);(0,0,1,0,))
Layer 0 output: 0; 0; 1; 0; 
Layer 1 output: 0.979445; 0.0413915; 
Layer 2 output: 0.166881; 0.000184095; 0.882121; 0.166293; 

Pattern 4: ((0,1,0,0,);(0,1,0,0,))
Layer 0 output: 0; 1; 0; 0; 
Layer 1 output: 0.0509027; 0.978898; 
Layer 2 output: 0.16729; 0.883295; 0.000209186; 0.167681; 

Network structure:

[Topology]
4; 2; 4; 

[Layer]

[Layer]
-1.54512; -1.00026; -2.92654; 3.86512; -1.00044; 
-1.59945; -1.00355; 3.83836; -3.14326; -1.002; 

[Layer]
4.49755; -1.59022; -1.57058; 
-7.27083; -8.8869; 2.53684; 
-9.41727; 2.43323; -8.78123; 
-3.35797; -1.59459; -1.56755; 

Epoch 640 summary.
Global error value: 0.637873.

Initiating epoch 660.

Pattern 1: ((0,0,1,0,);(0,0,1,0,))
Layer 0 output: 0; 0; 1; 0; 
Layer 1 output: 0.979927; 0.040739; 
Layer 2 output: 0.163303; 0.000163844; 0.884333; 0.162866; 

Pattern 2: ((0,0,0,1,);(0,0,0,1,))
Layer 0 output: 0; 0; 0; 1; 
Layer 1 output: 0.26557; 0.265233; 
Layer 2 output: 0.299736; 0.152577; 0.153367; 0.299695; 

Pattern 3: ((0,1,0,0,);(0,1,0,0,))
Layer 0 output: 0; 1; 0; 0; 
Layer 1 output: 0.0500077; 0.979408; 
Layer 2 output: 0.162326; 0.885167; 0.000185101; 0.167383; 

Pattern 4: ((1,0,0,0,);(1,0,0,0,))
Layer 0 output: 1; 0; 0; 0; 
Layer 1 output: 0.265648; 0.264965; 
Layer 2 output: 0.297928; 0.15243; 0.153482; 0.301565; 

Network structure:

[Topology]
4; 2; 4; 

[Layer]

[Layer]
-1.57484; -1.01786; -2.94519; 3.8893; -1.01809; 
-1.62647; -1.02135; 3.86329; -3.1598; -1.01962; 

[Layer]
4.9571; -1.60195; -1.58219; 
-7.6048; -9.00685; 2.5487; 
-9.75307; 2.44629; -8.90336; 
-2.90039; -1.60539; -1.58041; 

Epoch 660 summary.
Global error value: 0.635912.

Initiating epoch 680.

Pattern 1: ((1,0,0,0,);(1,0,0,0,))
Layer 0 output: 1; 0; 0; 0; 
Layer 1 output: 0.262321; 0.261712; 
Layer 2 output: 0.301584; 0.151603; 0.152522; 0.301525; 

Pattern 2: ((0,1,0,0,);(0,1,0,0,))
Layer 0 output: 0; 1; 0; 0; 
Layer 1 output: 0.049154; 0.979888; 
Layer 2 output: 0.165809; 0.886627; 0.000163608; 0.161195; 

Pattern 3: ((0,0,0,1,);(0,0,0,1,))
Layer 0 output: 0; 0; 0; 1; 
Layer 1 output: 0.262218; 0.261834; 
Layer 2 output: 0.303353; 0.151795; 0.152137; 0.299678; 

Pattern 4: ((0,0,1,0,);(0,0,1,0,))
Layer 0 output: 0; 0; 1; 0; 
Layer 1 output: 0.980382; 0.0401139; 
Layer 2 output: 0.163428; 0.000144439; 0.885142; 0.163253; 

Network structure:

[Topology]
4; 2; 4; 

[Layer]

[Layer]
-1.60348; -1.03457; -2.96329; 3.91264; -1.03526; 
-1.65277; -1.0377; 3.88731; -3.17588; -1.03749; 

[Layer]
5.42119; -1.6136; -1.59313; 
-7.93733; -9.12421; 2.56014; 
-10.0873; 2.45898; -9.02277; 
-2.43404; -1.61492; -1.592; 

Epoch 680 summary.
Global error value: 0.634003.

Initiating epoch 700.

Pattern 1: ((0,1,0,0,);(0,1,0,0,))
Layer 0 output: 0; 1; 0; 0; 
Layer 1 output: 0.0483354; 0.980341; 
Layer 2 output: 0.160995; 0.888352; 0.000145559; 0.161106; 

Pattern 2: ((0,0,0,1,);(0,0,0,1,))
Layer 0 output: 0; 0; 0; 1; 
Layer 1 output: 0.259205; 0.258664; 
Layer 2 output: 0.301667; 0.151026; 0.151605; 0.301619; 

Pattern 3: ((0,0,1,0,);(0,0,1,0,))
Layer 0 output: 0; 0; 1; 0; 
Layer 1 output: 0.980813; 0.0395147; 
Layer 2 output: 0.158722; 0.000128805; 0.886917; 0.163002; 

Pattern 4: ((1,0,0,0,);(1,0,0,0,))
Layer 0 output: 1; 0; 0; 0; 
Layer 1 output: 0.259357; 0.258744; 
Layer 2 output: 0.299804; 0.150674; 0.151589; 0.303293; 

Network structure:

[Topology]
4; 2; 4; 

[Layer]

[Layer]
-1.6297; -1.05031; -2.98092; 3.93526; -1.05073; 
-1.6772; -1.05349; 3.91053; -3.19153; -1.0537; 

[Layer]
5.89006; -1.62447; -1.6042; 
-8.26795; -9.23902; 2.57137; 
-10.4195; 2.47167; -9.13957; 
-1.96543; -1.62695; -1.60339; 

Epoch 700 summary.
Global error value: 0.632247.

Initiating epoch 720.

Pattern 1: ((0,0,0,1,);(0,0,0,1,))
Layer 0 output: 0; 0; 0; 1; 
Layer 1 output: 0.256283; 0.255775; 
Layer 2 output: 0.303302; 0.149966; 0.150706; 0.303208; 

Pattern 2: ((1,0,0,0,);(1,0,0,0,))
Layer 0 output: 1; 0; 0; 0; 
Layer 1 output: 0.256295; 0.255672; 
Layer 2 output: 0.302269; 0.149727; 0.150638; 0.305691; 

Pattern 3: ((0,1,0,0,);(0,1,0,0,))
Layer 0 output: 0; 1; 0; 0; 
Layer 1 output: 0.0475535; 0.98077; 
Layer 2 output: 0.161401; 0.889098; 0.000128629; 0.161589; 

Pattern 4: ((0,0,1,0,);(0,0,1,0,))
Layer 0 output: 0; 0; 1; 0; 
Layer 1 output: 0.981221; 0.0389402; 
Layer 2 output: 0.160555; 0.000114448; 0.887996; 0.160097; 

Network structure:

[Topology]
4; 2; 4; 

[Layer]

[Layer]
-1.656; -1.06608; -2.99803; 3.95713; -1.06601; 
-1.70076; -1.06935; 3.93296; -3.20676; -1.0686; 

[Layer]
6.36512; -1.63443; -1.61491; 
-8.5968; -9.35144; 2.58223; 
-10.7502; 2.48388; -9.25396; 
-1.49045; -1.6379; -1.61335; 

Epoch 720 summary.
Global error value: 0.630708.

Initiating epoch 740.

Pattern 1: ((0,0,0,1,);(0,0,0,1,))
Layer 0 output: 0; 0; 0; 1; 
Layer 1 output: 0.253365; 0.25303; 
Layer 2 output: 0.304181; 0.149321; 0.149779; 0.304088; 

Pattern 2: ((0,1,0,0,);(0,1,0,0,))
Layer 0 output: 0; 1; 0; 0; 
Layer 1 output: 0.0468045; 0.981176; 
Layer 2 output: 0.156961; 0.890706; 0.000115; 0.161536; 

Pattern 3: ((1,0,0,0,);(1,0,0,0,))
Layer 0 output: 1; 0; 0; 0; 
Layer 1 output: 0.253463; 0.25288; 
Layer 2 output: 0.302467; 0.149181; 0.149802; 0.305783; 

Pattern 4: ((0,0,1,0,);(0,0,1,0,))
Layer 0 output: 0; 0; 1; 0; 
Layer 1 output: 0.981607; 0.0383893; 
Layer 2 output: 0.159258; 0.00010224; 0.889323; 0.158848; 

Network structure:

[Topology]
4; 2; 4; 

[Layer]

[Layer]
-1.68164; -1.08095; -3.01466; 3.97828; -1.0813; 
-1.72319; -1.08422; 3.95469; -3.22156; -1.08309; 

[Layer]
6.84542; -1.64397; -1.62479; 
-8.9241; -9.46165; 2.59284; 
-11.0793; 2.4956; -9.366; 
-1.01041; -1.64706; -1.62418; 

Epoch 740 summary.
Global error value: 0.629123.

Initiating epoch 760.

Pattern 1: ((0,0,0,1,);(0,0,0,1,))
Layer 0 output: 0; 0; 0; 1; 
Layer 1 output: 0.250681; 0.250298; 
Layer 2 output: 0.305181; 0.148512; 0.149033; 0.305013; 

Pattern 2: ((1,0,0,0,);(1,0,0,0,))
Layer 0 output: 1; 0; 0; 0; 
Layer 1 output: 0.250688; 0.250116; 
Layer 2 output: 0.304209; 0.148265; 0.149073; 0.307429; 

Pattern 3: ((0,0,1,0,);(0,0,1,0,))
Layer 0 output: 0; 0; 1; 0; 
Layer 1 output: 0.981974; 0.03786; 
Layer 2 output: 0.158316; 9.14753e-005; 0.89057; 0.157832; 

Pattern 4: ((0,1,0,0,);(0,1,0,0,))
Layer 0 output: 0; 1; 0; 0; 
Layer 1 output: 0.0460908; 0.981561; 
Layer 2 output: 0.158765; 0.891642; 0.000102489; 0.158791; 

Network structure:

[Topology]
4; 2; 4; 

[Layer]

[Layer]
-1.70612; -1.09562; -3.03075; 3.99875; -1.09551; 
-1.74551; -1.09868; 3.97571; -3.23598; -1.09756; 

[Layer]
7.33216; -1.65201; -1.63371; 
-9.25077; -9.56988; 2.60277; 
-11.4073; 2.5067; -9.47591; 
-0.523864; -1.65566; -1.63334; 

Epoch 760 summary.
Global error value: 0.627646.

Initiating epoch 780.

Pattern 1: ((0,1,0,0,);(0,1,0,0,))
Layer 0 output: 0; 1; 0; 0; 
Layer 1 output: 0.0454045; 0.981927; 
Layer 2 output: 0.156019; 0.89338; 9.225e-005; 0.156057; 

Pattern 2: ((0,0,1,0,);(0,0,1,0,))
Layer 0 output: 0; 0; 1; 0; 
Layer 1 output: 0.982323; 0.0373515; 
Layer 2 output: 0.155231; 8.25722e-005; 0.892344; 0.154958; 

Pattern 3: ((1,0,0,0,);(1,0,0,0,))
Layer 0 output: 1; 0; 0; 0; 
Layer 1 output: 0.248235; 0.247651; 
Layer 2 output: 0.304633; 0.147771; 0.148596; 0.304544; 

Pattern 4: ((0,0,0,1,);(0,0,0,1,))
Layer 0 output: 0; 0; 0; 1; 
Layer 1 output: 0.248124; 0.247664; 
Layer 2 output: 0.306974; 0.147737; 0.14837; 0.303572; 

Network structure:

[Topology]
4; 2; 4; 

[Layer]

[Layer]
-1.72901; -1.10871; -3.04645; 4.01865; -1.10949; 
-1.76666; -1.11182; 3.9961; -3.25; -1.11194; 

[Layer]
7.82047; -1.66151; -1.64279; 
-9.57554; -9.67603; 2.6125; 
-11.7334; 2.51768; -9.58366; 
-0.0328017; -1.6635; -1.64229; 

Epoch 780 summary.
Global error value: 0.626125.

Initiating epoch 800.

Pattern 1: ((0,0,0,1,);(0,0,0,1,))
Layer 0 output: 0; 0; 0; 1; 
Layer 1 output: 0.245661; 0.245238; 
Layer 2 output: 0.306743; 0.146993; 0.147558; 0.306679; 

Pattern 2: ((0,1,0,0,);(0,1,0,0,))
Layer 0 output: 0; 1; 0; 0; 
Layer 1 output: 0.0447448; 0.982276; 
Layer 2 output: 0.153525; 0.89427; 8.25385e-005; 0.157821; 

Pattern 3: ((1,0,0,0,);(1,0,0,0,))
Layer 0 output: 1; 0; 0; 0; 
Layer 1 output: 0.245848; 0.24531; 
Layer 2 output: 0.305009; 0.14681; 0.147361; 0.308182; 

Pattern 4: ((0,0,1,0,);(0,0,1,0,))
Layer 0 output: 0; 0; 1; 0; 
Layer 1 output: 0.982656; 0.0368629; 
Layer 2 output: 0.15569; 7.38177e-005; 0.892982; 0.155436; 

Network structure:

[Topology]
4; 2; 4; 

[Layer]

[Layer]
-1.75068; -1.12155; -3.06176; 4.03799; -1.12236; 
-1.78601; -1.12462; 4.01593; -3.26366; -1.12465; 

[Layer]
8.3118; -1.6706; -1.65203; 
-9.89806; -9.78012; 2.62222; 
-12.0574; 2.52854; -9.68934; 
0.459536; -1.67253; -1.65206; 

Epoch 800 summary.
Global error value: 0.624738.

Initiating epoch 820.

Pattern 1: ((0,0,1,0,);(0,0,1,0,))
Layer 0 output: 0; 0; 1; 0; 
Layer 1 output: 0.982974; 0.0363925; 
Layer 2 output: 0.153044; 6.68206e-005; 0.894627; 0.153121; 

Pattern 2: ((1,0,0,0,);(1,0,0,0,))
Layer 0 output: 1; 0; 0; 0; 
Layer 1 output: 0.243598; 0.243035; 
Layer 2 output: 0.306672; 0.145955; 0.146914; 0.30685; 

Pattern 3: ((0,0,0,1,);(0,0,0,1,))
Layer 0 output: 0; 0; 0; 1; 
Layer 1 output: 0.243173; 0.242729; 
Layer 2 output: 0.309162; 0.146217; 0.146991; 0.306127; 

Pattern 4: ((0,1,0,0,);(0,1,0,0,))
Layer 0 output: 0; 1; 0; 0; 
Layer 1 output: 0.0441124; 0.982608; 
Layer 2 output: 0.15509; 0.895111; 7.40416e-005; 0.155484; 

Network structure:

[Topology]
4; 2; 4; 

[Layer]

[Layer]
-1.77272; -1.13373; -3.07663; 4.05675; -1.13611; 
-1.80575; -1.13659; 4.03516; -3.27698; -1.13834; 

[Layer]
8.8058; -1.67938; -1.66184; 
-10.2193; -9.88242; 2.63147; 
-12.38; 2.53881; -9.79312; 
0.961589; -1.67884; -1.65887; 

Epoch 820 summary.
Global error value: 0.623239.

Initiating epoch 840.

Pattern 1: ((0,0,0,1,);(0,0,0,1,))
Layer 0 output: 0; 0; 0; 1; 
Layer 1 output: 0.241127; 0.240692; 
Layer 2 output: 0.308284; 0.145478; 0.146047; 0.308251; 

Pattern 2: ((0,1,0,0,);(0,1,0,0,))
Layer 0 output: 0; 1; 0; 0; 
Layer 1 output: 0.0435041; 0.982925; 
Layer 2 output: 0.151478; 0.896434; 6.68532e-005; 0.155613; 

Pattern 3: ((1,0,0,0,);(1,0,0,0,))
Layer 0 output: 1; 0; 0; 0; 
Layer 1 output: 0.24117; 0.240638; 
Layer 2 output: 0.306698; 0.145429; 0.145969; 0.309801; 

Pattern 4: ((0,0,1,0,);(0,0,1,0,))
Layer 0 output: 0; 0; 1; 0; 
Layer 1 output: 0.983277; 0.0359399; 
Layer 2 output: 0.153583; 6.0002e-005; 0.8952; 0.153456; 

Network structure:

[Topology]
4; 2; 4; 

[Layer]

[Layer]
-1.79295; -1.14689; -3.09114; 4.07502; -1.14694; 
-1.82435; -1.14994; 4.05386; -3.28995; -1.14933; 

[Layer]
9.30881; -1.68661; -1.66856; 
-10.539; -9.98291; 2.6405; 
-12.7008; 2.54895; -9.89502; 
1.45918; -1.68757; -1.66894; 

Epoch 840 summary.
Global error value: 0.622258.

Initiating epoch 860.

Pattern 1: ((0,0,0,1,);(0,0,0,1,))
Layer 0 output: 0; 0; 0; 1; 
Layer 1 output: 0.238959; 0.238528; 
Layer 2 output: 0.308994; 0.14479; 0.145345; 0.308978; 

Pattern 2: ((0,0,1,0,);(0,0,1,0,))
Layer 0 output: 0; 0; 1; 0; 
Layer 1 output: 0.983568; 0.0355032; 
Layer 2 output: 0.149838; 5.43668e-005; 0.896508; 0.15385; 

Pattern 3: ((0,1,0,0,);(0,1,0,0,))
Layer 0 output: 0; 1; 0; 0; 
Layer 1 output: 0.0429187; 0.983229; 
Layer 2 output: 0.15037; 0.897473; 6.03654e-005; 0.154379; 

Pattern 4: ((1,0,0,0,);(1,0,0,0,))
Layer 0 output: 1; 0; 0; 0; 
Layer 1 output: 0.239033; 0.238587; 
Layer 2 output: 0.306788; 0.144737; 0.145316; 0.309829; 

Network structure:

[Topology]
4; 2; 4; 

[Layer]

[Layer]
-1.813; -1.15874; -3.10528; 4.09282; -1.1588; 
-1.84193; -1.1612; 4.07207; -3.30261; -1.16119; 

[Layer]
9.81169; -1.69463; -1.6766; 
-10.8564; -10.0816; 2.64943; 
-13.0198; 2.55887; -9.99514; 
1.96273; -1.69528; -1.67748; 

Epoch 860 summary.
Global error value: 0.621008.

Initiating epoch 880.

Pattern 1: ((1,0,0,0,);(1,0,0,0,))
Layer 0 output: 1; 0; 0; 0; 
Layer 1 output: 0.236837; 0.236435; 
Layer 2 output: 0.309838; 0.144152; 0.144654; 0.309756; 

Pattern 2: ((0,0,1,0,);(0,0,1,0,))
Layer 0 output: 0; 0; 1; 0; 
Layer 1 output: 0.983845; 0.0350824; 
Layer 2 output: 0.153014; 4.9233e-005; 0.897507; 0.148974; 

Pattern 3: ((0,1,0,0,);(0,1,0,0,))
Layer 0 output: 0; 1; 0; 0; 
Layer 1 output: 0.0423557; 0.983519; 
Layer 2 output: 0.153529; 0.898458; 5.4578e-005; 0.149393; 

Pattern 4: ((0,0,0,1,);(0,0,0,1,))
Layer 0 output: 0; 0; 0; 1; 
Layer 1 output: 0.23686; 0.236444; 
Layer 2 output: 0.310713; 0.144145; 0.14467; 0.307621; 

Network structure:

[Topology]
4; 2; 4; 

[Layer]

[Layer]
-1.83308; -1.17047; -3.11905; 4.11011; -1.17068; 
-1.8599; -1.17271; 4.08978; -3.31495; -1.17301; 

[Layer]
10.3193; -1.70164; -1.68416; 
-11.1727; -10.1787; 2.65794; 
-13.3373; 2.56831; -10.0936; 
2.47171; -1.70156; -1.68464; 

Epoch 880 summary.
Global error value: 0.619848.

Initiating epoch 900.

Pattern 1: ((1,0,0,0,);(1,0,0,0,))
Layer 0 output: 1; 0; 0; 0; 
Layer 1 output: 0.235048; 0.234597; 
Layer 2 output: 0.310278; 0.143267; 0.143848; 0.310387; 

Pattern 2: ((0,0,1,0,);(0,0,1,0,))
Layer 0 output: 0; 0; 1; 0; 
Layer 1 output: 0.984112; 0.0346767; 
Layer 2 output: 0.151955; 4.46585e-005; 0.898497; 0.148067; 

Pattern 3: ((0,1,0,0,);(0,1,0,0,))
Layer 0 output: 0; 1; 0; 0; 
Layer 1 output: 0.0418122; 0.983797; 
Layer 2 output: 0.152339; 0.899419; 4.94328e-005; 0.148641; 

Pattern 4: ((0,0,0,1,);(0,0,0,1,))
Layer 0 output: 0; 0; 0; 1; 
Layer 1 output: 0.234819; 0.234332; 
Layer 2 output: 0.311339; 0.143488; 0.144127; 0.308475; 

Network structure:

[Topology]
4; 2; 4; 

[Layer]

[Layer]
-1.85092; -1.18043; -3.13252; 4.12702; -1.18199; 
-1.87657; -1.18296; 4.10705; -3.32699; -1.18466; 

[Layer]
10.8256; -1.70965; -1.6934; 
-11.4872; -10.2742; 2.66632; 
-13.6528; 2.57779; -10.1903; 
2.98354; -1.7089; -1.69091; 

Epoch 900 summary.
Global error value: 0.618565.

Initiating epoch 920.

Pattern 1: ((0,0,0,1,);(0,0,0,1,))
Layer 0 output: 0; 0; 0; 1; 
Layer 1 output: 0.232921; 0.232561; 
Layer 2 output: 0.311147; 0.142829; 0.143257; 0.311157; 

Pattern 2: ((0,1,0,0,);(0,1,0,0,))
Layer 0 output: 0; 1; 0; 0; 
Layer 1 output: 0.0412897; 0.984063; 
Layer 2 output: 0.147687; 0.900347; 4.48255e-005; 0.151706; 

Pattern 3: ((0,0,1,0,);(0,0,1,0,))
Layer 0 output: 0; 0; 1; 0; 
Layer 1 output: 0.984368; 0.034284; 
Layer 2 output: 0.147169; 4.05904e-005; 0.899435; 0.150943; 

Pattern 4: ((1,0,0,0,);(1,0,0,0,))
Layer 0 output: 1; 0; 0; 0; 
Layer 1 output: 0.233007; 0.232584; 
Layer 2 output: 0.309047; 0.142744; 0.143274; 0.311985; 

Network structure:

[Topology]
4; 2; 4; 

[Layer]

[Layer]
-1.86947; -1.19208; -3.14563; 4.14348; -1.19224; 
-1.89265; -1.19448; 4.12388; -3.33877; -1.19428; 

[Layer]
11.3399; -1.71526; -1.69966; 
-11.7999; -10.3682; 2.67451; 
-13.9669; 2.58681; -10.2855; 
3.4954; -1.7166; -1.69929; 

Epoch 920 summary.
Global error value: 0.617639.

Initiating epoch 940.

Pattern 1: ((1,0,0,0,);(1,0,0,0,))
Layer 0 output: 1; 0; 0; 0; 
Layer 1 output: 0.231123; 0.230657; 
Layer 2 output: 0.311857; 0.142094; 0.14269; 0.311777; 

Pattern 2: ((0,0,1,0,);(0,0,1,0,))
Layer 0 output: 0; 0; 1; 0; 
Layer 1 output: 0.984613; 0.0339059; 
Layer 2 output: 0.150374; 3.69194e-005; 0.900351; 0.146239; 

Pattern 3: ((0,1,0,0,);(0,1,0,0,))
Layer 0 output: 0; 1; 0; 0; 
Layer 1 output: 0.0407835; 0.984319; 
Layer 2 output: 0.150586; 0.901243; 4.07466e-005; 0.146836; 

Pattern 4: ((0,0,0,1,);(0,0,0,1,))
Layer 0 output: 0; 0; 0; 1; 
Layer 1 output: 0.231139; 0.230784; 
Layer 2 output: 0.312663; 0.142131; 0.142551; 0.309696; 

Network structure:

[Topology]
4; 2; 4; 

[Layer]

[Layer]
-1.88679; -1.20231; -3.15847; 4.15955; -1.20257; 
-1.90847; -1.20496; 4.1403; -3.35024; -1.20457; 

[Layer]
11.8548; -1.72181; -1.70732; 
-12.1112; -10.4607; 2.68246; 
-14.2792; 2.59574; -10.3792; 
4.01108; -1.72369; -1.70585; 

Epoch 940 summary.
Global error value: 0.616672.

Initiating epoch 960.

Pattern 1: ((1,0,0,0,);(1,0,0,0,))
Layer 0 output: 1; 0; 0; 0; 
Layer 1 output: 0.229456; 0.228905; 
Layer 2 output: 0.31241; 0.141311; 0.142046; 0.312448; 

Pattern 2: ((0,1,0,0,);(0,1,0,0,))
Layer 0 output: 0; 1; 0; 0; 
Layer 1 output: 0.0402945; 0.984564; 
Layer 2 output: 0.149846; 0.902103; 3.70657e-005; 0.146212; 

Pattern 3: ((0,0,1,0,);(0,0,1,0,))
Layer 0 output: 0; 0; 1; 0; 
Layer 1 output: 0.98485; 0.0335404; 
Layer 2 output: 0.149294; 3.36561e-005; 0.90124; 0.145433; 

Pattern 4: ((0,0,0,1,);(0,0,0,1,))
Layer 0 output: 0; 0; 0; 1; 
Layer 1 output: 0.22925; 0.228884; 
Layer 2 output: 0.313346; 0.141585; 0.142025; 0.310531; 

Network structure:

[Topology]
4; 2; 4; 

[Layer]

[Layer]
-1.90371; -1.21175; -3.17103; 4.17525; -1.21318; 
-1.92422; -1.21483; 4.15631; -3.36144; -1.21525; 

[Layer]
12.3717; -1.72935; -1.71402; 
-12.4208; -10.5518; 2.69013; 
-14.5899; 2.60445; -10.4714; 
4.53079; -1.72951; -1.71201; 

Epoch 960 summary.
Global error value: 0.61552.

Initiating epoch 980.

Pattern 1: ((0,0,1,0,);(0,0,1,0,))
Layer 0 output: 0; 0; 1; 0; 
Layer 1 output: 0.985077; 0.033186; 
Layer 2 output: 0.145887; 3.07764e-005; 0.902321; 0.145916; 

Pattern 2: ((0,0,0,1,);(0,0,0,1,))
Layer 0 output: 0; 0; 0; 1; 
Layer 1 output: 0.227615; 0.227224; 
Layer 2 output: 0.31246; 0.140855; 0.141476; 0.312553; 

Pattern 3: ((0,1,0,0,);(0,1,0,0,))
Layer 0 output: 0; 1; 0; 0; 
Layer 1 output: 0.0398224; 0.984801; 
Layer 2 output: 0.145074; 0.902955; 3.3794e-005; 0.149053; 

Pattern 4: ((1,0,0,0,);(1,0,0,0,))
Layer 0 output: 1; 0; 0; 0; 
Layer 1 output: 0.227664; 0.227195; 
Layer 2 output: 0.311019; 0.140798; 0.141399; 0.313949; 

Network structure:

[Topology]
4; 2; 4; 

[Layer]

[Layer]
-1.92018; -1.2222; -3.18329; 4.1906; -1.22229; 
-1.93868; -1.22486; 4.17197; -3.37242; -1.22437; 

[Layer]
12.8917; -1.73621; -1.72065; 
-12.7284; -10.6414; 2.69785; 
-14.8987; 2.61304; -10.5622; 
5.0496; -1.73613; -1.71951; 

Epoch 980 summary.
Global error value: 0.614656.

Initiating epoch 1000.

Pattern 1: ((1,0,0,0,);(1,0,0,0,))
Layer 0 output: 1; 0; 0; 0; 
Layer 1 output: 0.225932; 0.225482; 
Layer 2 output: 0.313705; 0.140239; 0.140809; 0.313742; 

Pattern 2: ((0,0,1,0,);(0,0,1,0,))
Layer 0 output: 0; 0; 1; 0; 
Layer 1 output: 0.985296; 0.0328425; 
Layer 2 output: 0.147733; 2.80581e-005; 0.902944; 0.144002; 

Pattern 3: ((0,0,0,1,);(0,0,0,1,))
Layer 0 output: 0; 0; 0; 1; 
Layer 1 output: 0.225916; 0.22553; 
Layer 2 output: 0.315087; 0.140151; 0.140758; 0.312315; 

Pattern 4: ((0,1,0,0,);(0,1,0,0,))
Layer 0 output: 0; 1; 0; 0; 
Layer 1 output: 0.0393668; 0.985028; 
Layer 2 output: 0.146903; 0.903567; 3.07702e-005; 0.14704; 

Network structure:

[Topology]
4; 2; 4; 

[Layer]

[Layer]
-1.93654; -1.23174; -3.19526; 4.20559; -1.23213; 
-1.95342; -1.23431; 4.18727; -3.38317; -1.2342; 

[Layer]
13.4143; -1.74241; -1.7271; 
-13.0345; -10.7298; 2.7053; 
-15.2059; 2.62135; -10.6516; 
5.57253; -1.74213; -1.72602; 

Epoch 1000 summary.
Global error value: 0.613701.

Learning process terminated due to maximum number of epochs reached
	at epoch 1000 and error value 0.613701.

Initiating testing process...

Pattern 1: ((1,0,0,0,);(1,0,0,0,))
Layer 0 output: 1; 0; 0; 0; 
Layer 1 output: 0.225878; 0.225429; 
Layer 2 output: 0.313693; 0.140183; 0.140751; 0.313759; 

Pattern 2: ((0,0,1,0,);(0,0,1,0,))
Layer 0 output: 0; 0; 1; 0; 
Layer 1 output: 0.985307; 0.0328255; 
Layer 2 output: 0.145107; 2.79983e-005; 0.903191; 0.145146; 

Pattern 3: ((0,0,0,1,);(0,0,0,1,))
Layer 0 output: 0; 0; 0; 1; 
Layer 1 output: 0.225808; 0.225446; 
Layer 2 output: 0.313712; 0.140279; 0.140705; 0.313779; 

Pattern 4: ((0,1,0,0,);(0,1,0,0,))
Layer 0 output: 0; 1; 0; 0; 
Layer 1 output: 0.0393445; 0.985039; 
Layer 2 output: 0.145565; 0.904017; 3.07648e-005; 0.145699; 

Network structure:

[Topology]
4; 2; 4; 

[Layer]

[Layer]
-1.93654; -1.23174; -3.19526; 4.20559; -1.23213; 
-1.95342; -1.23431; 4.18727; -3.38317; -1.2342; 

[Layer]
13.4143; -1.74241; -1.7271; 
-13.0345; -10.7298; 2.7053; 
-15.2059; 2.62135; -10.6516; 
5.57253; -1.74213; -1.72602; 

Testing complete with global error value 0.61164.
